<?xml version="1.0" encoding="UTF-8"?>
<!-- Generated by org.testng.reporters.JUnitXMLReporter -->
<testsuite ignored="0" hostname="DUYLIEM-PS40269" failures="0" tests="5" name="Default test" time="0.034" errors="0" timestamp="13 thg 4 2025 16:48:04 GMT">
  <testcase classname="CalculatorTest.CalculatorTest" name="testAdd" time="0.011"/>
  <testcase classname="CalculatorTest.CalculatorTest" name="testDivide" time="0.001"/>
  <testcase classname="CalculatorTest.CalculatorTest" name="testDivideByZero" time="0.001"/>
  <testcase classname="CalculatorTest.CalculatorTest" name="testMultiply" time="0.001"/>
  <testcase classname="CalculatorTest.CalculatorTest" name="testSubtract" time="0.001"/>
</testsuite> <!-- Default test -->
